<?xml version="1.0" encoding="UTF-8"?>
<!-- Generated by org.testng.reporters.JUnitReportReporter -->
<testsuite hostname="LAPTOP-MA8N465V" failures="0" tests="1" name="newauto.DayAndCity" time="2.177" errors="0" timestamp="2023-12-07T14:19:49 AST" skipped="0">
  <testcase classname="newauto.DayAndCity" name="TheFirtsTest" time="2.177"/>
  <system-out/>
</testsuite> <!-- newauto.DayAndCity -->
