<?xml version="1.0" encoding="UTF-8"?>
<!-- Generated by org.testng.reporters.JUnitReportReporter -->
<testsuite hostname="LAPTOP-MA8N465V" failures="0" tests="2" name="newauto.magento1" time="8.639" errors="0" timestamp="2023-12-02T14:24:52 AST" skipped="0">
  <testcase classname="newauto.magento1" name="SignUp" time="5.289"/>
  <system-out/>
  <testcase classname="newauto.magento1" name="SignIn" time="3.350"/>
  <system-out/>
</testsuite> <!-- newauto.magento1 -->
