<?xml version="1.0" encoding="UTF-8"?>
<!-- Generated by org.testng.reporters.JUnitReportReporter -->
<testsuite hostname="LAPTOP-MA8N465V" failures="0" tests="1" name="newauto.FastProject" time="6.244" errors="0" timestamp="2023-12-04T12:32:13 AST" skipped="0">
  <testcase classname="newauto.FastProject" name="SignIn" time="6.244"/>
  <system-out/>
</testsuite> <!-- newauto.FastProject -->
