<?xml version="1.0" encoding="UTF-8"?>
<!-- Generated by org.testng.reporters.JUnitReportReporter -->
<testsuite hostname="LAPTOP-MA8N465V" failures="0" tests="1" name="newauto.jacketTest" time="3.235" errors="0" timestamp="2023-12-03T13:43:58 AST" skipped="0">
  <testcase classname="newauto.jacketTest" name="AddItem" time="3.235"/>
  <system-out/>
</testsuite> <!-- newauto.jacketTest -->
